<?xml version="1.0" encoding="UTF-8"?>
<!-- Generated by org.testng.reporters.JUnitXMLReporter -->
<testsuite ignored="3" hostname="Nasa" failures="0" tests="1" name="Default test" time="8.837" errors="0" timestamp="12 Feb 2024 09:58:03 GMT">
  <testcase classname="com.testcase.BankTestCase" name="verifyUsernameFieldRequired" time="8.805"/>
  <testcase classname="com.testcase.BankTestCase" name="verifyLastNameFieldRequird" time="0.0">
    <ignored/>
  </testcase> <!-- verifyLastNameFieldRequird -->
  <testcase classname="com.testcase.BankTestCase" name="verifyLoginButtonClickable" time="0.0">
    <ignored/>
  </testcase> <!-- verifyLoginButtonClickable -->
  <testcase classname="com.testcase.BankTestCase" name="verifyPasswordFieldRequired" time="0.0">
    <ignored/>
  </testcase> <!-- verifyPasswordFieldRequired -->
</testsuite> <!-- Default test -->
