<?xml version="1.0" encoding="UTF-8"?>
<testng-results ignored="3" total="4" passed="1" failed="0" skipped="0">
  <reporter-output>
  </reporter-output>
  <suite started-at="2024-02-12T09:57:54Z" name="Default suite" finished-at="2024-02-12T09:58:03Z" duration-ms="8837">
    <groups>
    </groups>
    <test started-at="2024-02-12T09:57:54Z" name="Default test" finished-at="2024-02-12T09:58:03Z" duration-ms="8837">
      <class name="com.testcase.BankTestCase">
        <test-method signature="verifyUsernameFieldRequired()[pri:0, instance:com.testcase.BankTestCase@1e44b638]" started-at="2024-02-12T09:57:54Z" name="verifyUsernameFieldRequired" finished-at="2024-02-12T09:58:03Z" duration-ms="8805" status="PASS">
          <reporter-output>
          </reporter-output>
        </test-method> <!-- verifyUsernameFieldRequired -->
      </class> <!-- com.testcase.BankTestCase -->
    </test> <!-- Default test -->
  </suite> <!-- Default suite -->
</testng-results>
